<?xml version="1.0" encoding="UTF-8"?>
<!-- Generated by org.testng.reporters.JUnitXMLReporter -->
<testsuite ignored="0" hostname="lin76001736" failures="1" tests="2" name="Test" time="12.092" errors="0" timestamp="2021-04-07T10:28:57 IST">
  <testcase classname="webapptestcases.CrmLoanApproval" name="magentoLoanSubmit" time="0.067">
    <skipped/>
  </testcase> <!-- magentoLoanSubmit -->
  <testcase classname="webapptestcases.CrmLoanApproval" name="magentoLoanSubmit" time="0.018">
    <failure type="java.lang.Exception" message="Can not find sheetName: &amp;apos;Module1&amp;apos; in file &amp;apos;./TestData/WE_TestDataFile.xlsx&amp;apos; ">
      <![CDATA[java.lang.Exception: Can not find sheetName: 'Module1' in file './TestData/WE_TestDataFile.xlsx' 
at excelClasses.DataProviderReader.getTableArray(DataProviderReader.java:24)
at excelClasses.ExcelUtils_SelGrid.setTestDataSelGrid(ExcelUtils_SelGrid.java:16)
at excelClasses.ExcelDataLoader.getMenuByTitle(ExcelDataLoader.java:22)
at excelClasses.MenuFactory.getMenuByTitle(MenuFactory.java:29)
at excelClasses.MenuFactory.getModule1MenuByTitle(MenuFactory.java:41)
at webapptestcases.CrmLoanApproval.magentoLoanSubmit(CrmLoanApproval.java:34)
at java.base/java.util.ArrayList.forEach(ArrayList.java:1511)
... Removed 27 stack frames]]>
    </failure>
  </testcase> <!-- magentoLoanSubmit -->
</testsuite> <!-- Test -->
