<?xml version="1.0" encoding="UTF-8"?>
<!-- Generated by org.testng.reporters.JUnitXMLReporter -->
<testsuite ignored="3" hostname="lin76001736" failures="1" tests="1" name="Test" time="29.415" errors="0" timestamp="2021-05-10T18:56:15 IST">
  <testcase classname="jivaflowtestcases.HarvestFlowPositiveCases" name="@AfterClass tearDown" time="0.049">
    <failure type="org.openqa.selenium.WebDriverException" message="An unknown server-side error occurred while processing the command. Original error: Could not proxy. Proxy error: &amp;apos;DELETE /wd/hub/session/e6734146-962a-40b2-a505-eb538c97827b/window&amp;apos; cannot be proxied to UiAutomator2 server because the instrumentation process is not running (probably crashed). Check the server log and/or the logcat output for more details
Build info: version: &amp;apos;3.141.59&amp;apos;, revision: &amp;apos;e82be7d358&amp;apos;, time: &amp;apos;2018-11-14T08:17:03&amp;apos;
System info: host: &amp;apos;LIN76001736&amp;apos;, ip: &amp;apos;192.168.1.102&amp;apos;, os.name: &amp;apos;Windows 10&amp;apos;, os.arch: &amp;apos;amd64&amp;apos;, os.version: &amp;apos;10.0&amp;apos;, java.version: &amp;apos;15.0.2&amp;apos;
Driver info: io.appium.java_client.android.AndroidDriver
Capabilities {AUTOMATION_NAME: uiautomator2, VERSION: 11.0, app: C:\Project Files\MasterLoca..., appPackage: com.gaiaventure.advisor.qa, databaseEnabled: false, desired: {AUTOMATION_NAME: uiautomator2, VERSION: 11.0, app: C:\Project Files\MasterLoca..., deviceName: DEVICENAME, noReset: true, platformName: android}, deviceApiLevel: 28, deviceManufacturer: Google, deviceModel: AOSP on IA Emulator, deviceName: emulator-5554, deviceScreenDensity: 560, deviceScreenSize: 1440x3040, deviceUDID: emulator-5554, javascriptEnabled: true, locationContextEnabled: false, networkConnectionEnabled: true, noReset: true, pixelRatio: 3.5, platform: LINUX, platformName: Android, platformVersion: 9, statBarHeight: 172, takesScreenshot: true, viewportRect: {height: 2529, left: 0, top: 172, width: 1440}, warnings: {}, webStorageEnabled: false}
Session ID: e6734146-962a-40b2-a505-eb538c97827b">
      <![CDATA[org.openqa.selenium.WebDriverException: An unknown server-side error occurred while processing the command. Original error: Could not proxy. Proxy error: 'DELETE /wd/hub/session/e6734146-962a-40b2-a505-eb538c97827b/window' cannot be proxied to UiAutomator2 server because the instrumentation process is not running (probably crashed). Check the server log and/or the logcat output for more details
Build info: version: '3.141.59', revision: 'e82be7d358', time: '2018-11-14T08:17:03'
System info: host: 'LIN76001736', ip: '192.168.1.102', os.name: 'Windows 10', os.arch: 'amd64', os.version: '10.0', java.version: '15.0.2'
Driver info: io.appium.java_client.android.AndroidDriver
Capabilities {AUTOMATION_NAME: uiautomator2, VERSION: 11.0, app: C:\Project Files\MasterLoca..., appPackage: com.gaiaventure.advisor.qa, databaseEnabled: false, desired: {AUTOMATION_NAME: uiautomator2, VERSION: 11.0, app: C:\Project Files\MasterLoca..., deviceName: DEVICENAME, noReset: true, platformName: android}, deviceApiLevel: 28, deviceManufacturer: Google, deviceModel: AOSP on IA Emulator, deviceName: emulator-5554, deviceScreenDensity: 560, deviceScreenSize: 1440x3040, deviceUDID: emulator-5554, javascriptEnabled: true, locationContextEnabled: false, networkConnectionEnabled: true, noReset: true, pixelRatio: 3.5, platform: LINUX, platformName: Android, platformVersion: 9, statBarHeight: 172, takesScreenshot: true, viewportRect: {height: 2529, left: 0, top: 172, width: 1440}, warnings: {}, webStorageEnabled: false}
Session ID: e6734146-962a-40b2-a505-eb538c97827b
at org.openqa.selenium.remote.http.W3CHttpResponseCodec.createException(W3CHttpResponseCodec.java:187)
at org.openqa.selenium.remote.http.W3CHttpResponseCodec.decode(W3CHttpResponseCodec.java:122)
at org.openqa.selenium.remote.http.W3CHttpResponseCodec.decode(W3CHttpResponseCodec.java:49)
at org.openqa.selenium.remote.HttpCommandExecutor.execute(HttpCommandExecutor.java:158)
at io.appium.java_client.remote.AppiumCommandExecutor.execute(AppiumCommandExecutor.java:247)
at org.openqa.selenium.remote.RemoteWebDriver.execute(RemoteWebDriver.java:552)
at io.appium.java_client.DefaultGenericMobileDriver.execute(DefaultGenericMobileDriver.java:45)
at io.appium.java_client.AppiumDriver.execute(AppiumDriver.java:1)
at io.appium.java_client.android.AndroidDriver.execute(AndroidDriver.java:1)
at org.openqa.selenium.remote.RemoteWebDriver.close(RemoteWebDriver.java:442)
at jivaflowtestcases.HarvestFlowPositiveCases.tearDown(HarvestFlowPositiveCases.java:30)
at java.base/java.util.ArrayList.forEach(ArrayList.java:1511)
... Removed 31 stack frames]]>
    </failure>
  </testcase> <!-- @AfterClass tearDown -->
  <testcase classname="jivaflowtestcases.HarvestFlowPositiveCases" name="farmerGetCode" time="11.04">
    <failure type="java.lang.AssertionError" message="expected [false] but found [true]">
      <![CDATA[java.lang.AssertionError: expected [false] but found [true]
at utilities.ElementManager.displayExecutionResults(ElementManager.java:1080)
at jivaflowtestcases.HarvestFlowPositiveCases.farmerGetCode(HarvestFlowPositiveCases.java:100)
at java.base/java.util.ArrayList.forEach(ArrayList.java:1511)
... Removed 32 stack frames]]>
    </failure>
  </testcase> <!-- farmerGetCode -->
  <testcase classname="jivaflowtestcases.HarvestFlowPositiveCases" name="enterHarvestDetails" time="0.0">
    <ignored/>
  </testcase> <!-- enterHarvestDetails -->
  <testcase classname="jivaflowtestcases.HarvestFlowPositiveCases" name="mcHarvestCommissionChk" time="0.0">
    <ignored/>
  </testcase> <!-- mcHarvestCommissionChk -->
  <testcase classname="jivaflowtestcases.HarvestFlowPositiveCases" name="mcCompleteHarvest" time="0.0">
    <ignored/>
  </testcase> <!-- mcCompleteHarvest -->
</testsuite> <!-- Test -->
