<?xml version="1.0" encoding="UTF-8"?>
<testng-results ignored="3" total="4" passed="0" failed="1" skipped="0">
  <reporter-output>
    <line>
      <![CDATA[*************************** 
MC Emulator Android application launched successfully]]>
    </line>
    <line>
      <![CDATA[                                                             ]]>
    </line>
    <line>
      <![CDATA[                         MC - Login                                     ]]>
    </line>
    <line>
      <![CDATA[****************   MC App - Login   ****************]]>
    </line>
    <line>
      <![CDATA[***************  Properties ***************]]>
    </line>
    <line>
      <![CDATA[                                                   ]]>
    </line>
    <line>
      <![CDATA[*************** Data  ***************]]>
    </line>
    <line>
      <![CDATA[col A - Menu : MCLogin]]>
    </line>
    <line>
      <![CDATA[col B - Username : +628114123245]]>
    </line>
    <line>
      <![CDATA[col C - Pwd : 123456]]>
    </line>
    <line>
      <![CDATA[col D - additional customer parameters: Null]]>
    </line>
    <line>
      <![CDATA[col E - additional usernames: Null]]>
    </line>
    <line>
      <![CDATA[col F - external user name: Null]]>
    </line>
    <line>
      <![CDATA[col G - external user password: Null]]>
    </line>
    <line>
      <![CDATA[                                                   ]]>
    </line>
    <line>
      <![CDATA[*************** Test Execution log  ***************]]>
    </line>
    <line>
      <![CDATA[Logging in]]>
    </line>
    <line>
      <![CDATA[Searching for element :=Task Page]]>
    </line>
    <line>
      <![CDATA[Web element = 'Task Page' is identified successfully]]>
    </line>
    <line>
      <![CDATA[User is in Task page]]>
    </line>
    <line>
      <![CDATA[**********************************************************]]>
    </line>
    <line>
      <![CDATA[APPLICATION VERSION IS Mc-app-qa-release-1.0.2.35.apk]]>
    </line>
    <line>
      <![CDATA[**********************************************************]]>
    </line>
    <line>
      <![CDATA[MC - Login Successfully executed]]>
    </line>
    <line>
      <![CDATA[                                                             ]]>
    </line>
    <line>
      <![CDATA[                         MC - Purchase Harvest                                     ]]>
    </line>
    <line>
      <![CDATA[****************   MC - Purchase Harvest for farmer   ****************]]>
    </line>
    <line>
      <![CDATA[***************  Properties ***************]]>
    </line>
    <line>
      <![CDATA[                                                   ]]>
    </line>
    <line>
      <![CDATA[*************** Data  ***************]]>
    </line>
    <line>
      <![CDATA[col A - Menu : HarvestFlowData]]>
    </line>
    <line>
      <![CDATA[col B - Username : +628114123245]]>
    </line>
    <line>
      <![CDATA[col C - Pwd : 123456]]>
    </line>
    <line>
      <![CDATA[col D - additional customer parameters: Autotest Farmer]]>
    </line>
    <line>
      <![CDATA[col E - additional usernames: Null]]>
    </line>
    <line>
      <![CDATA[col F - external user name: Null]]>
    </line>
    <line>
      <![CDATA[col G - external user password: Null]]>
    </line>
    <line>
      <![CDATA[                                                   ]]>
    </line>
    <line>
      <![CDATA[*************** Test Execution log  ***************]]>
    </line>
    <line>
      <![CDATA[MC Harvest Flow is started]]>
    </line>
    <line>
      <![CDATA[Clicked on TASKSBUTTON loaded in 0 seconds]]>
    </line>
    <line>
      <![CDATA[Clicked on HARVESTBUTTON loaded in 0 seconds]]>
    </line>
    <line>
      <![CDATA[Clicked on PURCHASEHARVEST_OPTION loaded in 0 seconds]]>
    </line>
    <line>
      <![CDATA[***Entered Autotest Farmer in TextField ***]]>
    </line>
    <line>
      <![CDATA[Clicked on SEARCHFARMER_NAME loaded in 0 seconds]]>
    </line>
    <line>
      <![CDATA[Clicked on NEXTBUTTON loaded in 0 seconds]]>
    </line>
    <line>
      <![CDATA[Clicked on NEXTBUTTON loaded in 0 seconds]]>
    </line>
    <line>
      <![CDATA[Entered 50Kg in Gross Weight Field]]>
    </line>
    <line>
      <![CDATA[Entered 1 Kg in No.of Bags Field]]>
    </line>
    <line>
      <![CDATA[Entered 1 No.of bags from sahabatJiva Field]]>
    </line>
    <line>
      <![CDATA[Scrolling page]]>
    </line>
    <line>
      <![CDATA[Entered 11% in Water level Field]]>
    </line>
    <line>
      <![CDATA[Clicked on CALCULATEHARVEST_BTN loaded in 0 seconds]]>
    </line>
    <line>
      <![CDATA[Failed := MC - Purchase Harvest]]>
    </line>
    <line>
      <![CDATA[C:\Project Files\MasterLocalFolder\JivaAutoRepo\Jiva_ProjectScripts\com.jiva\.\ScreenShots\11-05-2021 11-45-38\MC-PurchaseH_Error11-05-2021 11-45-38.png]]>
    </line>
    <line>
      <![CDATA[                                                             ]]>
    </line>
    <line>
      <![CDATA[^^^^^^^^^^^^^^^^^^^^^^    Execution Results    ^^^^^^^^^^^^^^^^^^^^^^^^^^]]>
    </line>
    <line>
      <![CDATA[Total Test Count :=2]]>
    </line>
    <line>
      <![CDATA[Passed Test Count :=1]]>
    </line>
    <line>
      <![CDATA[Passed Test Description :=MC - Login|]]>
    </line>
    <line>
      <![CDATA[vvvvvvvvvvvvvvvvvvvvvvvvvvvvvvvvvvvvvvvvvvvvvvvvvvvvvvvvvvvvvvvvvvvvv]]>
    </line>
    <line>
      <![CDATA[Failed Test Count :=1]]>
    </line>
    <line>
      <![CDATA[Failed Test Description :=MC - Purchase Harvest|]]>
    </line>
    <line>
      <![CDATA[vvvvvvvvvvvvvvvvvvvvvvvvvvvvvvvvvvvvvvvvvvvvvvvvvvvvvvvvvvvvvvvvvvvvv]]>
    </line>
  </reporter-output>
  <suite started-at="2021-05-11T11:44:46 IST" name="Suite" finished-at="2021-05-11T11:45:38 IST" duration-ms="51878">
    <groups>
    </groups>
    <test started-at="2021-05-11T11:44:46 IST" name="Test" finished-at="2021-05-11T11:45:38 IST" duration-ms="51878">
      <class name="jivaflowtestcases.HarvestFlowPositiveCases">
        <test-method is-config="true" signature="setEnvironmet()[pri:0, instance:jivaflowtestcases.HarvestFlowPositiveCases@53ce1329]" started-at="2021-05-11T11:44:14 IST" name="setEnvironmet" finished-at="2021-05-11T11:44:46 IST" duration-ms="31629" status="PASS">
          <reporter-output>
          </reporter-output>
        </test-method> <!-- setEnvironmet -->
        <test-method is-config="true" signature="setup(java.lang.String)[pri:0, instance:jivaflowtestcases.HarvestFlowPositiveCases@53ce1329]" started-at="2021-05-11T11:44:46 IST" name="setup" finished-at="2021-05-11T11:45:03 IST" duration-ms="17265" status="PASS">
          <params>
            <param index="0">
              <value>
                <![CDATA[MCEMULATOR]]>
              </value>
            </param>
          </params>
          <reporter-output>
            <line>
              <![CDATA[*************************** 
MC Emulator Android application launched successfully]]>
            </line>
          </reporter-output>
        </test-method> <!-- setup -->
        <test-method is-config="true" signature="methodName(java.lang.reflect.Method)[pri:0, instance:jivaflowtestcases.HarvestFlowPositiveCases@53ce1329]" started-at="2021-05-11T11:45:03 IST" name="methodName" finished-at="2021-05-11T11:45:03 IST" duration-ms="101" status="PASS">
          <params>
            <param index="0">
              <value>
                <![CDATA[public void jivaflowtestcases.HarvestFlowPositiveCases.enterHarvestDetails() throws java.lang.Exception]]>
              </value>
            </param>
          </params>
          <reporter-output>
          </reporter-output>
        </test-method> <!-- methodName -->
        <test-method signature="enterHarvestDetails()[pri:0, instance:jivaflowtestcases.HarvestFlowPositiveCases@53ce1329]" started-at="2021-05-11T11:45:03 IST" name="enterHarvestDetails" finished-at="2021-05-11T11:45:38 IST" duration-ms="34422" status="FAIL">
          <exception class="java.lang.AssertionError">
            <message>
              <![CDATA[expected [false] but found [true]]]>
            </message>
            <full-stacktrace>
              <![CDATA[java.lang.AssertionError: expected [false] but found [true]
at org.testng.Assert.fail(Assert.java:99)
at org.testng.Assert.failNotEquals(Assert.java:1037)
at org.testng.Assert.assertFalse(Assert.java:67)
at org.testng.Assert.assertFalse(Assert.java:77)
at utilities.ElementManager.displayExecutionResults(ElementManager.java:1077)
at jivaflowtestcases.HarvestFlowPositiveCases.enterHarvestDetails(HarvestFlowPositiveCases.java:67)
at java.base/jdk.internal.reflect.NativeMethodAccessorImpl.invoke0(Native Method)
at java.base/jdk.internal.reflect.NativeMethodAccessorImpl.invoke(NativeMethodAccessorImpl.java:64)
at java.base/jdk.internal.reflect.DelegatingMethodAccessorImpl.invoke(DelegatingMethodAccessorImpl.java:43)
at java.base/java.lang.reflect.Method.invoke(Method.java:564)
at org.testng.internal.MethodInvocationHelper.invokeMethod(MethodInvocationHelper.java:132)
at org.testng.internal.TestInvoker.invokeMethod(TestInvoker.java:599)
at org.testng.internal.TestInvoker.invokeTestMethod(TestInvoker.java:174)
at org.testng.internal.MethodRunner.runInSequence(MethodRunner.java:46)
at org.testng.internal.TestInvoker$MethodInvocationAgent.invoke(TestInvoker.java:822)
at org.testng.internal.TestInvoker.invokeTestMethods(TestInvoker.java:147)
at org.testng.internal.TestMethodWorker.invokeTestMethods(TestMethodWorker.java:146)
at org.testng.internal.TestMethodWorker.run(TestMethodWorker.java:128)
at java.base/java.util.ArrayList.forEach(ArrayList.java:1511)
at org.testng.TestRunner.privateRun(TestRunner.java:764)
at org.testng.TestRunner.run(TestRunner.java:585)
at org.testng.SuiteRunner.runTest(SuiteRunner.java:384)
at org.testng.SuiteRunner.runSequentially(SuiteRunner.java:378)
at org.testng.SuiteRunner.privateRun(SuiteRunner.java:337)
at org.testng.SuiteRunner.run(SuiteRunner.java:286)
at org.testng.SuiteRunnerWorker.runSuite(SuiteRunnerWorker.java:53)
at org.testng.SuiteRunnerWorker.run(SuiteRunnerWorker.java:96)
at org.testng.TestNG.runSuitesSequentially(TestNG.java:1218)
at org.testng.TestNG.runSuitesLocally(TestNG.java:1140)
at org.testng.TestNG.runSuites(TestNG.java:1069)
at org.testng.TestNG.run(TestNG.java:1037)
at org.testng.remote.AbstractRemoteTestNG.run(AbstractRemoteTestNG.java:115)
at org.testng.remote.RemoteTestNG.initAndRun(RemoteTestNG.java:251)
at org.testng.remote.RemoteTestNG.main(RemoteTestNG.java:77)
]]>
            </full-stacktrace>
          </exception> <!-- java.lang.AssertionError -->
          <reporter-output>
            <line>
              <![CDATA[                                                             ]]>
            </line>
            <line>
              <![CDATA[                         MC - Login                                     ]]>
            </line>
            <line>
              <![CDATA[****************   MC App - Login   ****************]]>
            </line>
            <line>
              <![CDATA[***************  Properties ***************]]>
            </line>
            <line>
              <![CDATA[                                                   ]]>
            </line>
            <line>
              <![CDATA[*************** Data  ***************]]>
            </line>
            <line>
              <![CDATA[col A - Menu : MCLogin]]>
            </line>
            <line>
              <![CDATA[col B - Username : +628114123245]]>
            </line>
            <line>
              <![CDATA[col C - Pwd : 123456]]>
            </line>
            <line>
              <![CDATA[col D - additional customer parameters: Null]]>
            </line>
            <line>
              <![CDATA[col E - additional usernames: Null]]>
            </line>
            <line>
              <![CDATA[col F - external user name: Null]]>
            </line>
            <line>
              <![CDATA[col G - external user password: Null]]>
            </line>
            <line>
              <![CDATA[                                                   ]]>
            </line>
            <line>
              <![CDATA[*************** Test Execution log  ***************]]>
            </line>
            <line>
              <![CDATA[Logging in]]>
            </line>
            <line>
              <![CDATA[Searching for element :=Task Page]]>
            </line>
            <line>
              <![CDATA[Web element = 'Task Page' is identified successfully]]>
            </line>
            <line>
              <![CDATA[User is in Task page]]>
            </line>
            <line>
              <![CDATA[**********************************************************]]>
            </line>
            <line>
              <![CDATA[APPLICATION VERSION IS Mc-app-qa-release-1.0.2.35.apk]]>
            </line>
            <line>
              <![CDATA[**********************************************************]]>
            </line>
            <line>
              <![CDATA[MC - Login Successfully executed]]>
            </line>
            <line>
              <![CDATA[                                                             ]]>
            </line>
            <line>
              <![CDATA[                         MC - Purchase Harvest                                     ]]>
            </line>
            <line>
              <![CDATA[****************   MC - Purchase Harvest for farmer   ****************]]>
            </line>
            <line>
              <![CDATA[***************  Properties ***************]]>
            </line>
            <line>
              <![CDATA[                                                   ]]>
            </line>
            <line>
              <![CDATA[*************** Data  ***************]]>
            </line>
            <line>
              <![CDATA[col A - Menu : HarvestFlowData]]>
            </line>
            <line>
              <![CDATA[col B - Username : +628114123245]]>
            </line>
            <line>
              <![CDATA[col C - Pwd : 123456]]>
            </line>
            <line>
              <![CDATA[col D - additional customer parameters: Autotest Farmer]]>
            </line>
            <line>
              <![CDATA[col E - additional usernames: Null]]>
            </line>
            <line>
              <![CDATA[col F - external user name: Null]]>
            </line>
            <line>
              <![CDATA[col G - external user password: Null]]>
            </line>
            <line>
              <![CDATA[                                                   ]]>
            </line>
            <line>
              <![CDATA[*************** Test Execution log  ***************]]>
            </line>
            <line>
              <![CDATA[MC Harvest Flow is started]]>
            </line>
            <line>
              <![CDATA[Clicked on TASKSBUTTON loaded in 0 seconds]]>
            </line>
            <line>
              <![CDATA[Clicked on HARVESTBUTTON loaded in 0 seconds]]>
            </line>
            <line>
              <![CDATA[Clicked on PURCHASEHARVEST_OPTION loaded in 0 seconds]]>
            </line>
            <line>
              <![CDATA[***Entered Autotest Farmer in TextField ***]]>
            </line>
            <line>
              <![CDATA[Clicked on SEARCHFARMER_NAME loaded in 0 seconds]]>
            </line>
            <line>
              <![CDATA[Clicked on NEXTBUTTON loaded in 0 seconds]]>
            </line>
            <line>
              <![CDATA[Clicked on NEXTBUTTON loaded in 0 seconds]]>
            </line>
            <line>
              <![CDATA[Entered 50Kg in Gross Weight Field]]>
            </line>
            <line>
              <![CDATA[Entered 1 Kg in No.of Bags Field]]>
            </line>
            <line>
              <![CDATA[Entered 1 No.of bags from sahabatJiva Field]]>
            </line>
            <line>
              <![CDATA[Scrolling page]]>
            </line>
            <line>
              <![CDATA[Entered 11% in Water level Field]]>
            </line>
            <line>
              <![CDATA[Clicked on CALCULATEHARVEST_BTN loaded in 0 seconds]]>
            </line>
            <line>
              <![CDATA[Failed := MC - Purchase Harvest]]>
            </line>
            <line>
              <![CDATA[C:\Project Files\MasterLocalFolder\JivaAutoRepo\Jiva_ProjectScripts\com.jiva\.\ScreenShots\11-05-2021 11-45-38\MC-PurchaseH_Error11-05-2021 11-45-38.png]]>
            </line>
            <line>
              <![CDATA[                                                             ]]>
            </line>
            <line>
              <![CDATA[^^^^^^^^^^^^^^^^^^^^^^    Execution Results    ^^^^^^^^^^^^^^^^^^^^^^^^^^]]>
            </line>
            <line>
              <![CDATA[Total Test Count :=2]]>
            </line>
            <line>
              <![CDATA[Passed Test Count :=1]]>
            </line>
            <line>
              <![CDATA[Passed Test Description :=MC - Login|]]>
            </line>
            <line>
              <![CDATA[vvvvvvvvvvvvvvvvvvvvvvvvvvvvvvvvvvvvvvvvvvvvvvvvvvvvvvvvvvvvvvvvvvvvv]]>
            </line>
            <line>
              <![CDATA[Failed Test Count :=1]]>
            </line>
            <line>
              <![CDATA[Failed Test Description :=MC - Purchase Harvest|]]>
            </line>
            <line>
              <![CDATA[vvvvvvvvvvvvvvvvvvvvvvvvvvvvvvvvvvvvvvvvvvvvvvvvvvvvvvvvvvvvvvvvvvvvv]]>
            </line>
          </reporter-output>
        </test-method> <!-- enterHarvestDetails -->
        <test-method is-config="true" signature="tearDown()[pri:0, instance:jivaflowtestcases.HarvestFlowPositiveCases@53ce1329]" started-at="2021-05-11T11:45:38 IST" name="tearDown" finished-at="2021-05-11T11:45:38 IST" duration-ms="50" status="FAIL">
          <exception class="org.openqa.selenium.UnsupportedCommandException">
            <message>
              <![CDATA[The requested resource could not be found, or a request was received using an HTTP method that is not supported by the mapped resource
Build info: version: '3.141.59', revision: 'e82be7d358', time: '2018-11-14T08:17:03'
System info: host: 'LIN76001736', ip: '192.168.1.100', os.name: 'Windows 10', os.arch: 'amd64', os.version: '10.0', java.version: '15.0.2'
Driver info: io.appium.java_client.android.AndroidDriver
Capabilities {AUTOMATION_NAME: uiautomator2, VERSION: 11.0, app: C:\Project Files\MasterLoca..., appActivity: com.gaiaventure.mc.ui.activ..., appPackage: com.gaiaventure.mc, databaseEnabled: false, desired: {AUTOMATION_NAME: uiautomator2, VERSION: 11.0, app: C:\Project Files\MasterLoca..., appActivity: com.gaiaventure.mc.ui.activ..., appPackage: com.gaiaventure.mc, deviceName: JivaMC01, noReset: true, platformName: android}, deviceApiLevel: 28, deviceManufacturer: Google, deviceModel: AOSP on IA Emulator, deviceName: emulator-5554, deviceScreenDensity: 560, deviceScreenSize: 1440x3040, deviceUDID: emulator-5554, javascriptEnabled: true, locationContextEnabled: false, networkConnectionEnabled: true, noReset: true, pixelRatio: 3.5, platform: LINUX, platformName: Android, platformVersion: 9, statBarHeight: 172, takesScreenshot: true, viewportRect: {height: 2529, left: 0, top: 172, width: 1440}, warnings: {}, webStorageEnabled: false}
Session ID: 5bbf488e-150f-40e8-a391-2179505578f3]]>
            </message>
            <full-stacktrace>
              <![CDATA[org.openqa.selenium.UnsupportedCommandException: The requested resource could not be found, or a request was received using an HTTP method that is not supported by the mapped resource
Build info: version: '3.141.59', revision: 'e82be7d358', time: '2018-11-14T08:17:03'
System info: host: 'LIN76001736', ip: '192.168.1.100', os.name: 'Windows 10', os.arch: 'amd64', os.version: '10.0', java.version: '15.0.2'
Driver info: io.appium.java_client.android.AndroidDriver
Capabilities {AUTOMATION_NAME: uiautomator2, VERSION: 11.0, app: C:\Project Files\MasterLoca..., appActivity: com.gaiaventure.mc.ui.activ..., appPackage: com.gaiaventure.mc, databaseEnabled: false, desired: {AUTOMATION_NAME: uiautomator2, VERSION: 11.0, app: C:\Project Files\MasterLoca..., appActivity: com.gaiaventure.mc.ui.activ..., appPackage: com.gaiaventure.mc, deviceName: JivaMC01, noReset: true, platformName: android}, deviceApiLevel: 28, deviceManufacturer: Google, deviceModel: AOSP on IA Emulator, deviceName: emulator-5554, deviceScreenDensity: 560, deviceScreenSize: 1440x3040, deviceUDID: emulator-5554, javascriptEnabled: true, locationContextEnabled: false, networkConnectionEnabled: true, noReset: true, pixelRatio: 3.5, platform: LINUX, platformName: Android, platformVersion: 9, statBarHeight: 172, takesScreenshot: true, viewportRect: {height: 2529, left: 0, top: 172, width: 1440}, warnings: {}, webStorageEnabled: false}
Session ID: 5bbf488e-150f-40e8-a391-2179505578f3
at java.base/jdk.internal.reflect.NativeConstructorAccessorImpl.newInstance0(Native Method)
at java.base/jdk.internal.reflect.NativeConstructorAccessorImpl.newInstance(NativeConstructorAccessorImpl.java:64)
at java.base/jdk.internal.reflect.DelegatingConstructorAccessorImpl.newInstance(DelegatingConstructorAccessorImpl.java:45)
at java.base/java.lang.reflect.Constructor.newInstanceWithCaller(Constructor.java:500)
at java.base/java.lang.reflect.Constructor.newInstance(Constructor.java:481)
at org.openqa.selenium.remote.http.W3CHttpResponseCodec.createException(W3CHttpResponseCodec.java:187)
at org.openqa.selenium.remote.http.W3CHttpResponseCodec.decode(W3CHttpResponseCodec.java:122)
at org.openqa.selenium.remote.http.W3CHttpResponseCodec.decode(W3CHttpResponseCodec.java:49)
at org.openqa.selenium.remote.HttpCommandExecutor.execute(HttpCommandExecutor.java:158)
at io.appium.java_client.remote.AppiumCommandExecutor.execute(AppiumCommandExecutor.java:247)
at org.openqa.selenium.remote.RemoteWebDriver.execute(RemoteWebDriver.java:552)
at io.appium.java_client.DefaultGenericMobileDriver.execute(DefaultGenericMobileDriver.java:45)
at io.appium.java_client.AppiumDriver.execute(AppiumDriver.java:1)
at io.appium.java_client.android.AndroidDriver.execute(AndroidDriver.java:1)
at org.openqa.selenium.remote.RemoteWebDriver.close(RemoteWebDriver.java:442)
at jivaflowtestcases.HarvestFlowPositiveCases.tearDown(HarvestFlowPositiveCases.java:30)
at java.base/jdk.internal.reflect.NativeMethodAccessorImpl.invoke0(Native Method)
at java.base/jdk.internal.reflect.NativeMethodAccessorImpl.invoke(NativeMethodAccessorImpl.java:64)
at java.base/jdk.internal.reflect.DelegatingMethodAccessorImpl.invoke(DelegatingMethodAccessorImpl.java:43)
at java.base/java.lang.reflect.Method.invoke(Method.java:564)
at org.testng.internal.MethodInvocationHelper.invokeMethod(MethodInvocationHelper.java:132)
at org.testng.internal.MethodInvocationHelper.invokeMethodConsideringTimeout(MethodInvocationHelper.java:61)
at org.testng.internal.ConfigInvoker.invokeConfigurationMethod(ConfigInvoker.java:366)
at org.testng.internal.ConfigInvoker.invokeConfigurations(ConfigInvoker.java:320)
at org.testng.internal.TestMethodWorker.invokeAfterClassMethods(TestMethodWorker.java:217)
at org.testng.internal.TestMethodWorker.run(TestMethodWorker.java:130)
at java.base/java.util.ArrayList.forEach(ArrayList.java:1511)
at org.testng.TestRunner.privateRun(TestRunner.java:764)
at org.testng.TestRunner.run(TestRunner.java:585)
at org.testng.SuiteRunner.runTest(SuiteRunner.java:384)
at org.testng.SuiteRunner.runSequentially(SuiteRunner.java:378)
at org.testng.SuiteRunner.privateRun(SuiteRunner.java:337)
at org.testng.SuiteRunner.run(SuiteRunner.java:286)
at org.testng.SuiteRunnerWorker.runSuite(SuiteRunnerWorker.java:53)
at org.testng.SuiteRunnerWorker.run(SuiteRunnerWorker.java:96)
at org.testng.TestNG.runSuitesSequentially(TestNG.java:1218)
at org.testng.TestNG.runSuitesLocally(TestNG.java:1140)
at org.testng.TestNG.runSuites(TestNG.java:1069)
at org.testng.TestNG.run(TestNG.java:1037)
at org.testng.remote.AbstractRemoteTestNG.run(AbstractRemoteTestNG.java:115)
at org.testng.remote.RemoteTestNG.initAndRun(RemoteTestNG.java:251)
at org.testng.remote.RemoteTestNG.main(RemoteTestNG.java:77)
]]>
            </full-stacktrace>
          </exception> <!-- org.openqa.selenium.UnsupportedCommandException -->
          <reporter-output>
          </reporter-output>
        </test-method> <!-- tearDown -->
        <test-method is-config="true" signature="clearEnvironment()[pri:0, instance:jivaflowtestcases.HarvestFlowPositiveCases@53ce1329]" started-at="2021-05-11T11:45:38 IST" name="clearEnvironment" finished-at="2021-05-11T11:45:38 IST" duration-ms="81" status="PASS">
          <reporter-output>
          </reporter-output>
        </test-method> <!-- clearEnvironment -->
      </class> <!-- jivaflowtestcases.HarvestFlowPositiveCases -->
    </test> <!-- Test -->
  </suite> <!-- Suite -->
</testng-results>
